2024/11/20 14:07:53 DEBUG [http-nio-8080-exec-9] - loginコントローラー到達
2024/11/20 14:07:53 DEBUG [http-nio-8080-exec-9] - 一致するユーザーが見つかりました。
2024/11/20 16:23:58 DEBUG [http-nio-8080-exec-6] - loginコントローラー到達
2024/11/20 16:23:58 DEBUG [http-nio-8080-exec-6] - 一致するユーザーが見つかりました。
2024/11/20 16:24:09 DEBUG [http-nio-8080-exec-1] - loginコントローラー到達
2024/11/20 16:24:09 DEBUG [http-nio-8080-exec-1] - 一致するユーザーが見つかりました。
2024/11/20 16:24:09 DEBUG [http-nio-8080-exec-10] - loginコントローラー到達
2024/11/20 16:24:10 DEBUG [http-nio-8080-exec-10] - 一致するユーザーが見つかりました。
2024/11/20 16:24:11 DEBUG [http-nio-8080-exec-4] - loginコントローラー到達
2024/11/20 16:24:11 DEBUG [http-nio-8080-exec-4] - 一致するユーザーが見つかりました。
2024/11/20 16:24:11 DEBUG [http-nio-8080-exec-8] - loginコントローラー到達
2024/11/20 16:24:11 DEBUG [http-nio-8080-exec-8] - 一致するユーザーが見つかりました。
2024/11/20 16:24:13 DEBUG [http-nio-8080-exec-6] - loginコントローラー到達
2024/11/20 16:24:13 DEBUG [http-nio-8080-exec-6] - 一致するユーザーが見つかりました。
2024/11/20 16:24:16 DEBUG [http-nio-8080-exec-1] - loginコントローラー到達
2024/11/20 16:24:16 DEBUG [http-nio-8080-exec-1] - 一致するユーザーが見つかりました。
2024/11/20 16:24:17 DEBUG [http-nio-8080-exec-10] - loginコントローラー到達
2024/11/20 16:24:17 DEBUG [http-nio-8080-exec-10] - 一致するユーザーが見つかりました。
2024/11/20 16:24:17 DEBUG [http-nio-8080-exec-4] - loginコントローラー到達
2024/11/20 16:24:18 DEBUG [http-nio-8080-exec-4] - 一致するユーザーが見つかりました。
2024/11/20 16:25:12 DEBUG [http-nio-8080-exec-5] - loginコントローラー到達
2024/11/20 16:25:12 DEBUG [http-nio-8080-exec-5] - 一致するユーザーが見つかりました。
2024/11/20 16:30:24 DEBUG [http-nio-8080-exec-1] - doFilterInternalメソッド到達
2024/11/20 16:30:24 DEBUG [http-nio-8080-exec-3] - doFilterInternalメソッド到達
2024/11/20 16:30:24 DEBUG [http-nio-8080-exec-2] - doFilterInternalメソッド到達
2024/11/20 16:30:24 DEBUG [http-nio-8080-exec-4] - doFilterInternalメソッド到達
2024/11/20 16:30:56 DEBUG [http-nio-8080-exec-5] - doFilterInternalメソッド到達
2024/11/20 16:30:56 DEBUG [http-nio-8080-exec-5] - loginコントローラー到達
2024/11/20 16:30:57 DEBUG [http-nio-8080-exec-5] - 一致するユーザーが見つかりました。
2024/11/20 16:30:57 DEBUG [http-nio-8080-exec-6] - doFilterInternalメソッド到達
2024/11/20 16:30:57 DEBUG [http-nio-8080-exec-7] - doFilterInternalメソッド到達
2024/11/20 16:30:57 DEBUG [http-nio-8080-exec-9] - doFilterInternalメソッド到達
2024/11/20 16:30:57 DEBUG [http-nio-8080-exec-8] - doFilterInternalメソッド到達
2024/11/20 16:30:57 DEBUG [http-nio-8080-exec-10] - doFilterInternalメソッド到達
2024/11/20 16:31:09 DEBUG [http-nio-8080-exec-1] - doFilterInternalメソッド到達
2024/11/20 16:31:09 DEBUG [http-nio-8080-exec-1] - loginコントローラー到達
2024/11/20 16:31:09 DEBUG [http-nio-8080-exec-1] - 一致するユーザーが見つかりました。
2024/11/20 16:31:09 DEBUG [http-nio-8080-exec-3] - doFilterInternalメソッド到達
2024/11/20 16:31:09 DEBUG [http-nio-8080-exec-2] - doFilterInternalメソッド到達
2024/11/20 16:31:09 DEBUG [http-nio-8080-exec-4] - doFilterInternalメソッド到達
2024/11/20 16:31:09 DEBUG [http-nio-8080-exec-5] - doFilterInternalメソッド到達
2024/11/20 16:31:09 DEBUG [http-nio-8080-exec-6] - doFilterInternalメソッド到達
2024/11/20 16:32:19 DEBUG [http-nio-8080-exec-2] - doFilterInternalメソッド到達
2024/11/20 16:32:19 DEBUG [http-nio-8080-exec-3] - doFilterInternalメソッド到達
2024/11/20 16:32:19 DEBUG [http-nio-8080-exec-1] - doFilterInternalメソッド到達
2024/11/20 16:32:19 DEBUG [http-nio-8080-exec-4] - doFilterInternalメソッド到達
2024/11/20 16:32:28 DEBUG [http-nio-8080-exec-7] - doFilterInternalメソッド到達
2024/11/20 16:32:28 DEBUG [http-nio-8080-exec-7] - loginコントローラー到達
2024/11/20 16:32:28 DEBUG [http-nio-8080-exec-7] - 一致するユーザーが見つかりました。
2024/11/20 16:32:37 DEBUG [http-nio-8080-exec-6] - doFilterInternalメソッド到達
2024/11/20 16:32:37 DEBUG [http-nio-8080-exec-6] - loginコントローラー到達
2024/11/20 16:32:37 DEBUG [http-nio-8080-exec-6] - 一致するユーザーが見つかりました。
2024/11/20 16:32:50 DEBUG [http-nio-8080-exec-5] - doFilterInternalメソッド到達
2024/11/20 16:32:50 DEBUG [http-nio-8080-exec-8] - doFilterInternalメソッド到達
2024/11/20 16:32:50 DEBUG [http-nio-8080-exec-10] - doFilterInternalメソッド到達
2024/11/20 16:32:50 DEBUG [http-nio-8080-exec-9] - doFilterInternalメソッド到達
2024/11/20 16:32:55 DEBUG [http-nio-8080-exec-2] - doFilterInternalメソッド到達
2024/11/20 16:32:55 DEBUG [http-nio-8080-exec-2] - loginコントローラー到達
2024/11/20 16:32:55 DEBUG [http-nio-8080-exec-2] - 一致するユーザーが見つかりました。
2024/11/20 16:32:55 DEBUG [http-nio-8080-exec-3] - doFilterInternalメソッド到達
2024/11/20 16:32:55 DEBUG [http-nio-8080-exec-1] - doFilterInternalメソッド到達
2024/11/20 16:32:55 DEBUG [http-nio-8080-exec-4] - doFilterInternalメソッド到達
2024/11/20 16:32:55 DEBUG [http-nio-8080-exec-7] - doFilterInternalメソッド到達
2024/11/20 16:32:55 DEBUG [http-nio-8080-exec-6] - doFilterInternalメソッド到達
2024/11/20 16:36:27 DEBUG [http-nio-8080-exec-10] - doFilterInternalメソッド到達
2024/11/20 16:36:27 DEBUG [http-nio-8080-exec-9] - doFilterInternalメソッド到達
2024/11/20 16:36:28 DEBUG [http-nio-8080-exec-2] - doFilterInternalメソッド到達
2024/11/20 16:36:28 DEBUG [http-nio-8080-exec-3] - doFilterInternalメソッド到達
2024/11/20 16:36:30 DEBUG [http-nio-8080-exec-1] - doFilterInternalメソッド到達
2024/11/20 16:36:30 DEBUG [http-nio-8080-exec-4] - doFilterInternalメソッド到達
2024/11/20 16:36:30 DEBUG [http-nio-8080-exec-7] - doFilterInternalメソッド到達
2024/11/20 16:36:30 DEBUG [http-nio-8080-exec-6] - doFilterInternalメソッド到達
2024/11/20 16:36:41 DEBUG [http-nio-8080-exec-5] - doFilterInternalメソッド到達
2024/11/20 16:36:41 DEBUG [http-nio-8080-exec-5] - loginコントローラー到達
2024/11/20 16:36:41 DEBUG [http-nio-8080-exec-5] - 一致するユーザーが見つかりました。
2024/11/20 16:36:41 DEBUG [http-nio-8080-exec-8] - doFilterInternalメソッド到達
2024/11/20 16:36:41 DEBUG [http-nio-8080-exec-10] - doFilterInternalメソッド到達
2024/11/20 16:36:41 DEBUG [http-nio-8080-exec-9] - doFilterInternalメソッド到達
2024/11/20 16:36:41 DEBUG [http-nio-8080-exec-2] - doFilterInternalメソッド到達
2024/11/20 16:36:41 DEBUG [http-nio-8080-exec-3] - doFilterInternalメソッド到達
2024/11/20 16:43:35 DEBUG [http-nio-8080-exec-1] - doFilterInternalメソッド到達
2024/11/20 16:43:35 DEBUG [http-nio-8080-exec-2] - doFilterInternalメソッド到達
2024/11/20 16:43:37 DEBUG [http-nio-8080-exec-3] - doFilterInternalメソッド到達
2024/11/20 16:43:37 DEBUG [http-nio-8080-exec-7] - doFilterInternalメソッド到達
2024/11/20 16:44:10 DEBUG [http-nio-8080-exec-5] - doFilterInternalメソッド到達
2024/11/20 16:44:10 DEBUG [http-nio-8080-exec-6] - doFilterInternalメソッド到達
2024/11/20 16:44:10 DEBUG [http-nio-8080-exec-4] - doFilterInternalメソッド到達
2024/11/20 16:44:10 DEBUG [http-nio-8080-exec-8] - doFilterInternalメソッド到達
2024/11/20 16:44:14 DEBUG [http-nio-8080-exec-9] - doFilterInternalメソッド到達
2024/11/20 16:44:14 DEBUG [http-nio-8080-exec-9] - loginコントローラー到達
2024/11/20 16:44:14 DEBUG [http-nio-8080-exec-9] - 一致するユーザーが見つかりました。
2024/11/20 16:44:14 DEBUG [http-nio-8080-exec-10] - doFilterInternalメソッド到達
2024/11/20 16:44:14 DEBUG [http-nio-8080-exec-1] - doFilterInternalメソッド到達
2024/11/20 16:44:14 DEBUG [http-nio-8080-exec-2] - doFilterInternalメソッド到達
2024/11/20 16:44:14 DEBUG [http-nio-8080-exec-3] - doFilterInternalメソッド到達
2024/11/20 16:44:14 DEBUG [http-nio-8080-exec-7] - doFilterInternalメソッド到達
2024/11/20 16:44:54 DEBUG [http-nio-8080-exec-5] - doFilterInternalメソッド到達
2024/11/20 16:44:54 DEBUG [http-nio-8080-exec-5] - loginコントローラー到達
2024/11/20 16:44:54 DEBUG [http-nio-8080-exec-5] - 一致するユーザーが見つかりました。
2024/11/20 16:44:54 DEBUG [http-nio-8080-exec-6] - doFilterInternalメソッド到達
2024/11/20 16:44:54 DEBUG [http-nio-8080-exec-4] - doFilterInternalメソッド到達
2024/11/20 16:44:55 DEBUG [http-nio-8080-exec-8] - doFilterInternalメソッド到達
2024/11/20 16:44:55 DEBUG [http-nio-8080-exec-9] - doFilterInternalメソッド到達
2024/11/20 16:44:55 DEBUG [http-nio-8080-exec-10] - doFilterInternalメソッド到達
2024/11/20 16:44:58 DEBUG [http-nio-8080-exec-1] - doFilterInternalメソッド到達
2024/11/20 16:44:58 DEBUG [http-nio-8080-exec-1] - loginコントローラー到達
2024/11/20 16:44:58 DEBUG [http-nio-8080-exec-1] - 一致するユーザーが見つかりました。
2024/11/20 16:44:58 DEBUG [http-nio-8080-exec-2] - doFilterInternalメソッド到達
2024/11/20 16:44:58 DEBUG [http-nio-8080-exec-3] - doFilterInternalメソッド到達
2024/11/20 16:44:58 DEBUG [http-nio-8080-exec-7] - doFilterInternalメソッド到達
2024/11/20 16:44:58 DEBUG [http-nio-8080-exec-5] - doFilterInternalメソッド到達
2024/11/20 16:44:58 DEBUG [http-nio-8080-exec-6] - doFilterInternalメソッド到達
2024/11/20 16:46:14 DEBUG [http-nio-8080-exec-2] - doFilterInternalメソッド到達
2024/11/20 16:46:14 DEBUG [http-nio-8080-exec-1] - doFilterInternalメソッド到達
2024/11/20 16:46:14 DEBUG [http-nio-8080-exec-3] - doFilterInternalメソッド到達
2024/11/20 16:46:14 DEBUG [http-nio-8080-exec-4] - doFilterInternalメソッド到達
2024/11/20 16:46:17 DEBUG [http-nio-8080-exec-5] - doFilterInternalメソッド到達
2024/11/20 16:46:17 DEBUG [http-nio-8080-exec-6] - doFilterInternalメソッド到達
2024/11/20 16:46:17 DEBUG [http-nio-8080-exec-7] - doFilterInternalメソッド到達
2024/11/20 16:46:17 DEBUG [http-nio-8080-exec-8] - doFilterInternalメソッド到達
2024/11/20 16:46:20 DEBUG [http-nio-8080-exec-9] - doFilterInternalメソッド到達
2024/11/20 16:46:20 DEBUG [http-nio-8080-exec-9] - loginコントローラー到達
2024/11/20 16:46:20 DEBUG [http-nio-8080-exec-9] - 一致するユーザーが見つかりました。
2024/11/20 16:46:20 DEBUG [http-nio-8080-exec-10] - doFilterInternalメソッド到達
2024/11/20 16:46:20 DEBUG [http-nio-8080-exec-2] - doFilterInternalメソッド到達
2024/11/20 16:46:20 DEBUG [http-nio-8080-exec-1] - doFilterInternalメソッド到達
2024/11/20 16:46:20 DEBUG [http-nio-8080-exec-3] - doFilterInternalメソッド到達
2024/11/20 16:46:20 DEBUG [http-nio-8080-exec-4] - doFilterInternalメソッド到達
2024/11/20 16:46:29 DEBUG [http-nio-8080-exec-5] - doFilterInternalメソッド到達
2024/11/20 16:46:29 DEBUG [http-nio-8080-exec-5] - loginコントローラー到達
2024/11/20 16:46:29 DEBUG [http-nio-8080-exec-5] - 一致するユーザーが見つかりました。
2024/11/20 16:46:29 DEBUG [http-nio-8080-exec-6] - doFilterInternalメソッド到達
2024/11/20 16:46:29 DEBUG [http-nio-8080-exec-7] - doFilterInternalメソッド到達
2024/11/20 16:46:29 DEBUG [http-nio-8080-exec-8] - doFilterInternalメソッド到達
2024/11/20 16:46:29 DEBUG [http-nio-8080-exec-9] - doFilterInternalメソッド到達
2024/11/20 16:46:29 DEBUG [http-nio-8080-exec-10] - doFilterInternalメソッド到達
2024/11/20 16:47:21 DEBUG [http-nio-8080-exec-1] - doFilterInternalメソッド到達
2024/11/20 16:47:21 DEBUG [http-nio-8080-exec-1] - Token==nullでした
2024/11/20 16:47:21 DEBUG [http-nio-8080-exec-2] - doFilterInternalメソッド到達
2024/11/20 16:47:21 DEBUG [http-nio-8080-exec-2] - Token==nullでした
2024/11/20 16:47:21 DEBUG [http-nio-8080-exec-4] - doFilterInternalメソッド到達
2024/11/20 16:47:21 DEBUG [http-nio-8080-exec-4] - Token==nullでした
2024/11/20 16:47:21 DEBUG [http-nio-8080-exec-3] - doFilterInternalメソッド到達
2024/11/20 16:47:21 DEBUG [http-nio-8080-exec-3] - Token==nullでした
2024/11/20 16:47:25 DEBUG [http-nio-8080-exec-5] - doFilterInternalメソッド到達
2024/11/20 16:47:25 DEBUG [http-nio-8080-exec-5] - Token==nullでした
2024/11/20 16:47:25 DEBUG [http-nio-8080-exec-5] - loginコントローラー到達
2024/11/20 16:47:25 DEBUG [http-nio-8080-exec-5] - 一致するユーザーが見つかりました。
2024/11/20 16:47:25 DEBUG [http-nio-8080-exec-6] - doFilterInternalメソッド到達
2024/11/20 16:47:25 DEBUG [http-nio-8080-exec-6] - Token==nullでした
2024/11/20 16:47:25 DEBUG [http-nio-8080-exec-7] - doFilterInternalメソッド到達
2024/11/20 16:47:25 DEBUG [http-nio-8080-exec-7] - Token==nullでした
2024/11/20 16:47:25 DEBUG [http-nio-8080-exec-10] - doFilterInternalメソッド到達
2024/11/20 16:47:25 DEBUG [http-nio-8080-exec-10] - Token==nullでした
2024/11/20 16:47:25 DEBUG [http-nio-8080-exec-9] - doFilterInternalメソッド到達
2024/11/20 16:47:25 DEBUG [http-nio-8080-exec-9] - Token==nullでした
2024/11/20 16:47:25 DEBUG [http-nio-8080-exec-8] - doFilterInternalメソッド到達
2024/11/20 16:47:25 DEBUG [http-nio-8080-exec-8] - Token==nullでした
2024/11/20 17:05:37 DEBUG [http-nio-8080-exec-1] - doFilterInternalメソッド到達
2024/11/20 17:05:37 DEBUG [http-nio-8080-exec-1] - Token==nullでした
2024/11/20 17:05:37 DEBUG [http-nio-8080-exec-2] - doFilterInternalメソッド到達
2024/11/20 17:05:37 DEBUG [http-nio-8080-exec-2] - Token==nullでした
2024/11/20 17:05:48 DEBUG [http-nio-8080-exec-3] - doFilterInternalメソッド到達
2024/11/20 17:05:48 DEBUG [http-nio-8080-exec-3] - Token==nullでした
2024/11/20 17:05:48 DEBUG [http-nio-8080-exec-4] - doFilterInternalメソッド到達
2024/11/20 17:05:48 DEBUG [http-nio-8080-exec-4] - Token==nullでした
2024/11/20 17:05:50 DEBUG [http-nio-8080-exec-5] - doFilterInternalメソッド到達
2024/11/20 17:05:50 DEBUG [http-nio-8080-exec-5] - Token==nullでした
2024/11/20 17:05:50 DEBUG [http-nio-8080-exec-7] - doFilterInternalメソッド到達
2024/11/20 17:05:50 DEBUG [http-nio-8080-exec-7] - Token==nullでした
2024/11/20 17:05:50 DEBUG [http-nio-8080-exec-8] - doFilterInternalメソッド到達
2024/11/20 17:05:50 DEBUG [http-nio-8080-exec-8] - Token==nullでした
2024/11/20 17:05:50 DEBUG [http-nio-8080-exec-6] - doFilterInternalメソッド到達
2024/11/20 17:05:50 DEBUG [http-nio-8080-exec-6] - Token==nullでした
2024/11/20 17:05:59 DEBUG [http-nio-8080-exec-9] - doFilterInternalメソッド到達
2024/11/20 17:05:59 DEBUG [http-nio-8080-exec-9] - Token==nullでした
2024/11/20 17:05:59 DEBUG [http-nio-8080-exec-9] - loginコントローラー到達
2024/11/20 17:05:59 DEBUG [http-nio-8080-exec-9] - 一致するユーザーが見つかりました。
2024/11/20 17:05:59 DEBUG [http-nio-8080-exec-10] - doFilterInternalメソッド到達
2024/11/20 17:05:59 DEBUG [http-nio-8080-exec-10] - Authorizationヘッダーを検出しました
2024/11/20 17:05:59 DEBUG [http-nio-8080-exec-10] - Tokenを検知しました
2024/11/20 17:05:59 WARN  [http-nio-8080-exec-10] - JWTトークンの処理中にエラーが発生しました: Compact JWT strings may not contain whitespace.
2024/11/20 17:05:59 DEBUG [http-nio-8080-exec-10] - Token==nullでした
2024/11/20 17:05:59 DEBUG [http-nio-8080-exec-1] - doFilterInternalメソッド到達
2024/11/20 17:05:59 DEBUG [http-nio-8080-exec-1] - Authorizationヘッダーを検出しました
2024/11/20 17:05:59 DEBUG [http-nio-8080-exec-1] - Tokenを検知しました
2024/11/20 17:05:59 WARN  [http-nio-8080-exec-1] - JWTトークンの処理中にエラーが発生しました: Compact JWT strings may not contain whitespace.
2024/11/20 17:05:59 DEBUG [http-nio-8080-exec-1] - Token==nullでした
2024/11/20 17:07:01 DEBUG [http-nio-8080-exec-4] - doFilterInternalメソッド到達
2024/11/20 17:07:01 DEBUG [http-nio-8080-exec-4] - Token==nullでした
2024/11/20 17:07:01 DEBUG [http-nio-8080-exec-5] - doFilterInternalメソッド到達
2024/11/20 17:07:01 DEBUG [http-nio-8080-exec-5] - Token==nullでした
2024/11/20 17:07:01 DEBUG [http-nio-8080-exec-7] - doFilterInternalメソッド到達
2024/11/20 17:07:01 DEBUG [http-nio-8080-exec-7] - Token==nullでした
2024/11/20 17:07:01 DEBUG [http-nio-8080-exec-8] - doFilterInternalメソッド到達
2024/11/20 17:07:01 DEBUG [http-nio-8080-exec-8] - Token==nullでした
2024/11/20 17:07:09 DEBUG [http-nio-8080-exec-6] - doFilterInternalメソッド到達
2024/11/20 17:07:09 DEBUG [http-nio-8080-exec-6] - Token==nullでした
2024/11/20 17:07:09 DEBUG [http-nio-8080-exec-6] - loginコントローラー到達
2024/11/20 17:07:09 DEBUG [http-nio-8080-exec-6] - 一致するユーザーが見つかりました。
2024/11/20 17:07:09 DEBUG [http-nio-8080-exec-9] - doFilterInternalメソッド到達
2024/11/20 17:07:09 DEBUG [http-nio-8080-exec-9] - Authorizationヘッダーを検出しました
2024/11/20 17:07:09 DEBUG [http-nio-8080-exec-9] - Tokenを検知しました
2024/11/20 17:07:09 DEBUG [http-nio-8080-exec-9] - 署名は改ざんされていません
2024/11/20 17:07:09 WARN  [http-nio-8080-exec-9] - JWTトークンの処理中にエラーが発生しました: Cannot pass null or empty values to constructor
2024/11/20 17:07:09 DEBUG [http-nio-8080-exec-9] - Token==nullでした
2024/11/20 17:07:09 DEBUG [http-nio-8080-exec-10] - doFilterInternalメソッド到達
2024/11/20 17:07:09 DEBUG [http-nio-8080-exec-10] - Authorizationヘッダーを検出しました
2024/11/20 17:07:09 DEBUG [http-nio-8080-exec-10] - Tokenを検知しました
2024/11/20 17:07:09 DEBUG [http-nio-8080-exec-10] - 署名は改ざんされていません
2024/11/20 17:07:09 WARN  [http-nio-8080-exec-10] - JWTトークンの処理中にエラーが発生しました: Cannot pass null or empty values to constructor
2024/11/20 17:07:09 DEBUG [http-nio-8080-exec-10] - Token==nullでした
2024/11/20 17:10:32 DEBUG [http-nio-8080-exec-2] - doFilterInternalメソッド到達
2024/11/20 17:10:32 DEBUG [http-nio-8080-exec-2] - Token==nullでした
2024/11/20 17:10:32 DEBUG [http-nio-8080-exec-1] - doFilterInternalメソッド到達
2024/11/20 17:10:32 DEBUG [http-nio-8080-exec-1] - Token==nullでした
2024/11/20 17:10:32 DEBUG [http-nio-8080-exec-3] - doFilterInternalメソッド到達
2024/11/20 17:10:32 DEBUG [http-nio-8080-exec-3] - Token==nullでした
2024/11/20 17:10:32 DEBUG [http-nio-8080-exec-5] - doFilterInternalメソッド到達
2024/11/20 17:10:32 DEBUG [http-nio-8080-exec-5] - Token==nullでした
2024/11/20 17:10:37 DEBUG [http-nio-8080-exec-6] - doFilterInternalメソッド到達
2024/11/20 17:10:37 DEBUG [http-nio-8080-exec-6] - Token==nullでした
2024/11/20 17:10:38 DEBUG [http-nio-8080-exec-6] - loginコントローラー到達
2024/11/20 17:10:38 DEBUG [http-nio-8080-exec-6] - 一致するユーザーが見つかりました。
2024/11/20 17:10:38 DEBUG [http-nio-8080-exec-4] - doFilterInternalメソッド到達
2024/11/20 17:10:38 DEBUG [http-nio-8080-exec-4] - Authorizationヘッダーを検出しました
2024/11/20 17:10:38 DEBUG [http-nio-8080-exec-4] - Tokenを検知しました
2024/11/20 17:10:38 DEBUG [http-nio-8080-exec-4] - 署名は改ざんされていません
2024/11/20 17:10:38 DEBUG [http-nio-8080-exec-4] - sasaryo0301@gmail.com
2024/11/20 17:10:38 WARN  [http-nio-8080-exec-4] - JWTトークンの処理中にエラーが発生しました: Cannot pass null or empty values to constructor
2024/11/20 17:10:38 DEBUG [http-nio-8080-exec-4] - Token==nullでした
2024/11/20 17:10:38 DEBUG [http-nio-8080-exec-7] - doFilterInternalメソッド到達
2024/11/20 17:10:38 DEBUG [http-nio-8080-exec-7] - Authorizationヘッダーを検出しました
2024/11/20 17:10:38 DEBUG [http-nio-8080-exec-7] - Tokenを検知しました
2024/11/20 17:10:38 DEBUG [http-nio-8080-exec-7] - 署名は改ざんされていません
2024/11/20 17:10:38 DEBUG [http-nio-8080-exec-7] - sasaryo0301@gmail.com
2024/11/20 17:10:38 WARN  [http-nio-8080-exec-7] - JWTトークンの処理中にエラーが発生しました: Cannot pass null or empty values to constructor
2024/11/20 17:10:38 DEBUG [http-nio-8080-exec-7] - Token==nullでした
2024/11/20 17:12:32 DEBUG [http-nio-8080-exec-1] - doFilterInternalメソッド到達
2024/11/20 17:12:32 DEBUG [http-nio-8080-exec-1] - Token==nullでした
2024/11/20 17:12:32 DEBUG [http-nio-8080-exec-2] - doFilterInternalメソッド到達
2024/11/20 17:12:32 DEBUG [http-nio-8080-exec-2] - Token==nullでした
2024/11/20 17:12:32 DEBUG [http-nio-8080-exec-3] - doFilterInternalメソッド到達
2024/11/20 17:12:32 DEBUG [http-nio-8080-exec-3] - Token==nullでした
2024/11/20 17:12:32 DEBUG [http-nio-8080-exec-4] - doFilterInternalメソッド到達
2024/11/20 17:12:32 DEBUG [http-nio-8080-exec-4] - Token==nullでした
2024/11/20 17:12:37 DEBUG [http-nio-8080-exec-5] - doFilterInternalメソッド到達
2024/11/20 17:12:37 DEBUG [http-nio-8080-exec-5] - Token==nullでした
2024/11/20 17:12:38 DEBUG [http-nio-8080-exec-5] - loginコントローラー到達
2024/11/20 17:12:38 DEBUG [http-nio-8080-exec-5] - 一致するユーザーが見つかりました。
2024/11/20 17:12:38 DEBUG [http-nio-8080-exec-6] - doFilterInternalメソッド到達
2024/11/20 17:12:38 DEBUG [http-nio-8080-exec-6] - Authorizationヘッダーを検出しました
2024/11/20 17:12:38 DEBUG [http-nio-8080-exec-6] - Tokenを検知しました
2024/11/20 17:12:38 DEBUG [http-nio-8080-exec-6] - 署名は改ざんされていません
2024/11/20 17:12:38 DEBUG [http-nio-8080-exec-6] - sasaryo0301@gmail.com
2024/11/20 17:12:38 DEBUG [http-nio-8080-exec-6] - トークンからメールアドレスを取り出しました！。メールアドレス：sasaryo0301@gmail.com
2024/11/20 17:12:38 WARN  [http-nio-8080-exec-6] - JWTトークンの処理中にエラーが発生しました: Cannot pass null or empty values to constructor
2024/11/20 17:12:38 DEBUG [http-nio-8080-exec-6] - Token==nullでした
2024/11/20 17:12:38 DEBUG [http-nio-8080-exec-8] - doFilterInternalメソッド到達
2024/11/20 17:12:38 DEBUG [http-nio-8080-exec-8] - Authorizationヘッダーを検出しました
2024/11/20 17:12:38 DEBUG [http-nio-8080-exec-8] - Tokenを検知しました
2024/11/20 17:12:38 DEBUG [http-nio-8080-exec-8] - 署名は改ざんされていません
2024/11/20 17:12:38 DEBUG [http-nio-8080-exec-8] - sasaryo0301@gmail.com
2024/11/20 17:12:38 DEBUG [http-nio-8080-exec-8] - トークンからメールアドレスを取り出しました！。メールアドレス：sasaryo0301@gmail.com
2024/11/20 17:12:38 WARN  [http-nio-8080-exec-8] - JWTトークンの処理中にエラーが発生しました: Cannot pass null or empty values to constructor
2024/11/20 17:12:38 DEBUG [http-nio-8080-exec-8] - Token==nullでした
2024/11/20 17:17:16 DEBUG [http-nio-8080-exec-2] - doFilterInternalメソッド到達
2024/11/20 17:17:16 DEBUG [http-nio-8080-exec-2] - Token==nullでした
2024/11/20 17:17:16 DEBUG [http-nio-8080-exec-1] - doFilterInternalメソッド到達
2024/11/20 17:17:16 DEBUG [http-nio-8080-exec-1] - Token==nullでした
2024/11/20 17:17:20 DEBUG [http-nio-8080-exec-5] - doFilterInternalメソッド到達
2024/11/20 17:17:20 DEBUG [http-nio-8080-exec-5] - Token==nullでした
2024/11/20 17:17:20 DEBUG [http-nio-8080-exec-9] - doFilterInternalメソッド到達
2024/11/20 17:17:20 DEBUG [http-nio-8080-exec-9] - Token==nullでした
2024/11/20 17:17:22 DEBUG [http-nio-8080-exec-6] - doFilterInternalメソッド到達
2024/11/20 17:17:22 DEBUG [http-nio-8080-exec-6] - Token==nullでした
2024/11/20 17:17:22 DEBUG [http-nio-8080-exec-3] - doFilterInternalメソッド到達
2024/11/20 17:17:22 DEBUG [http-nio-8080-exec-3] - Token==nullでした
2024/11/20 17:17:22 DEBUG [http-nio-8080-exec-4] - doFilterInternalメソッド到達
2024/11/20 17:17:22 DEBUG [http-nio-8080-exec-4] - Token==nullでした
2024/11/20 17:17:22 DEBUG [http-nio-8080-exec-7] - doFilterInternalメソッド到達
2024/11/20 17:17:22 DEBUG [http-nio-8080-exec-7] - Token==nullでした
2024/11/20 17:17:23 DEBUG [http-nio-8080-exec-8] - doFilterInternalメソッド到達
2024/11/20 17:17:23 DEBUG [http-nio-8080-exec-8] - Token==nullでした
2024/11/20 17:17:23 DEBUG [http-nio-8080-exec-8] - loginコントローラー到達
2024/11/20 17:17:24 DEBUG [http-nio-8080-exec-8] - 一致するユーザーが見つかりました。
2024/11/20 17:17:24 DEBUG [http-nio-8080-exec-10] - doFilterInternalメソッド到達
2024/11/20 17:17:24 DEBUG [http-nio-8080-exec-10] - Authorizationヘッダーを検出しました
2024/11/20 17:17:24 DEBUG [http-nio-8080-exec-10] - Tokenを検知しました
2024/11/20 17:17:24 DEBUG [http-nio-8080-exec-10] - 署名は改ざんされていません
2024/11/20 17:17:24 DEBUG [http-nio-8080-exec-10] - sasaryo0301@gmail.com
2024/11/20 17:17:24 DEBUG [http-nio-8080-exec-10] - トークンからメールアドレスを取り出しました！。メールアドレス：sasaryo0301@gmail.com
2024/11/20 17:17:24 DEBUG [http-nio-8080-exec-10] - loadUserByUsernam到達
2024/11/20 17:17:24 DEBUG [http-nio-8080-exec-10] - username:sasaryo0301@gmail.com
2024/11/20 17:17:24 WARN  [http-nio-8080-exec-10] - JWTトークンの処理中にエラーが発生しました: Cannot pass null or empty values to constructor
2024/11/20 17:17:24 DEBUG [http-nio-8080-exec-10] - Token==nullでした
2024/11/20 17:17:24 DEBUG [http-nio-8080-exec-2] - doFilterInternalメソッド到達
2024/11/20 17:17:24 DEBUG [http-nio-8080-exec-2] - Authorizationヘッダーを検出しました
2024/11/20 17:17:24 DEBUG [http-nio-8080-exec-2] - Tokenを検知しました
2024/11/20 17:17:24 DEBUG [http-nio-8080-exec-2] - 署名は改ざんされていません
2024/11/20 17:17:24 DEBUG [http-nio-8080-exec-2] - sasaryo0301@gmail.com
2024/11/20 17:17:24 DEBUG [http-nio-8080-exec-2] - トークンからメールアドレスを取り出しました！。メールアドレス：sasaryo0301@gmail.com
2024/11/20 17:17:24 DEBUG [http-nio-8080-exec-2] - loadUserByUsernam到達
2024/11/20 17:17:24 DEBUG [http-nio-8080-exec-2] - username:sasaryo0301@gmail.com
2024/11/20 17:17:24 WARN  [http-nio-8080-exec-2] - JWTトークンの処理中にエラーが発生しました: Cannot pass null or empty values to constructor
2024/11/20 17:17:24 DEBUG [http-nio-8080-exec-2] - Token==nullでした
2024/11/20 17:19:31 DEBUG [http-nio-8080-exec-1] - doFilterInternalメソッド到達
2024/11/20 17:19:31 DEBUG [http-nio-8080-exec-1] - Token==nullでした
2024/11/20 17:19:32 DEBUG [http-nio-8080-exec-2] - doFilterInternalメソッド到達
2024/11/20 17:19:32 DEBUG [http-nio-8080-exec-2] - Token==nullでした
2024/11/20 17:19:36 DEBUG [http-nio-8080-exec-4] - doFilterInternalメソッド到達
2024/11/20 17:19:36 DEBUG [http-nio-8080-exec-4] - Token==nullでした
2024/11/20 17:19:36 DEBUG [http-nio-8080-exec-3] - doFilterInternalメソッド到達
2024/11/20 17:19:36 DEBUG [http-nio-8080-exec-3] - Token==nullでした
2024/11/20 17:19:38 DEBUG [http-nio-8080-exec-6] - doFilterInternalメソッド到達
2024/11/20 17:19:38 DEBUG [http-nio-8080-exec-6] - Token==nullでした
2024/11/20 17:19:38 DEBUG [http-nio-8080-exec-5] - doFilterInternalメソッド到達
2024/11/20 17:19:38 DEBUG [http-nio-8080-exec-5] - Token==nullでした
2024/11/20 17:19:38 DEBUG [http-nio-8080-exec-7] - doFilterInternalメソッド到達
2024/11/20 17:19:38 DEBUG [http-nio-8080-exec-7] - Token==nullでした
2024/11/20 17:19:38 DEBUG [http-nio-8080-exec-8] - doFilterInternalメソッド到達
2024/11/20 17:19:38 DEBUG [http-nio-8080-exec-8] - Token==nullでした
2024/11/20 17:19:39 DEBUG [http-nio-8080-exec-9] - doFilterInternalメソッド到達
2024/11/20 17:19:39 DEBUG [http-nio-8080-exec-9] - Token==nullでした
2024/11/20 17:19:39 DEBUG [http-nio-8080-exec-9] - loginコントローラー到達
2024/11/20 17:19:40 DEBUG [http-nio-8080-exec-9] - 一致するユーザーが見つかりました。
2024/11/20 17:19:40 DEBUG [http-nio-8080-exec-10] - doFilterInternalメソッド到達
2024/11/20 17:19:40 DEBUG [http-nio-8080-exec-10] - Authorizationヘッダーを検出しました
2024/11/20 17:19:40 DEBUG [http-nio-8080-exec-10] - Tokenを検知しました
2024/11/20 17:19:40 DEBUG [http-nio-8080-exec-10] - 署名は改ざんされていません
2024/11/20 17:19:40 DEBUG [http-nio-8080-exec-10] - sasaryo0301@gmail.com
2024/11/20 17:19:40 DEBUG [http-nio-8080-exec-10] - トークンからメールアドレスを取り出しました！。メールアドレス：sasaryo0301@gmail.com
2024/11/20 17:19:40 WARN  [http-nio-8080-exec-10] - JWTトークンの処理中にエラーが発生しました: Cannot pass null or empty values to constructor
2024/11/20 17:19:40 DEBUG [http-nio-8080-exec-10] - Token==nullでした
2024/11/20 17:19:40 DEBUG [http-nio-8080-exec-1] - doFilterInternalメソッド到達
2024/11/20 17:19:40 DEBUG [http-nio-8080-exec-1] - Authorizationヘッダーを検出しました
2024/11/20 17:19:40 DEBUG [http-nio-8080-exec-1] - Tokenを検知しました
2024/11/20 17:19:40 DEBUG [http-nio-8080-exec-1] - 署名は改ざんされていません
2024/11/20 17:19:40 DEBUG [http-nio-8080-exec-1] - sasaryo0301@gmail.com
2024/11/20 17:19:40 DEBUG [http-nio-8080-exec-1] - トークンからメールアドレスを取り出しました！。メールアドレス：sasaryo0301@gmail.com
2024/11/20 17:19:40 WARN  [http-nio-8080-exec-1] - JWTトークンの処理中にエラーが発生しました: Cannot pass null or empty values to constructor
2024/11/20 17:19:40 DEBUG [http-nio-8080-exec-1] - Token==nullでした
2024/11/20 17:20:52 DEBUG [http-nio-8080-exec-1] - doFilterInternalメソッド到達
2024/11/20 17:20:52 DEBUG [http-nio-8080-exec-1] - Token==nullでした
2024/11/20 17:20:52 DEBUG [http-nio-8080-exec-2] - doFilterInternalメソッド到達
2024/11/20 17:20:52 DEBUG [http-nio-8080-exec-2] - Token==nullでした
2024/11/20 17:20:52 DEBUG [http-nio-8080-exec-6] - doFilterInternalメソッド到達
2024/11/20 17:20:52 DEBUG [http-nio-8080-exec-6] - Token==nullでした
2024/11/20 17:20:52 DEBUG [http-nio-8080-exec-7] - doFilterInternalメソッド到達
2024/11/20 17:20:52 DEBUG [http-nio-8080-exec-7] - Token==nullでした
2024/11/20 17:20:57 DEBUG [http-nio-8080-exec-3] - doFilterInternalメソッド到達
2024/11/20 17:20:57 DEBUG [http-nio-8080-exec-3] - Token==nullでした
2024/11/20 17:20:57 DEBUG [http-nio-8080-exec-3] - loginコントローラー到達
2024/11/20 17:20:57 DEBUG [http-nio-8080-exec-3] - 一致するユーザーが見つかりました。
2024/11/20 17:20:57 DEBUG [http-nio-8080-exec-5] - doFilterInternalメソッド到達
2024/11/20 17:20:57 DEBUG [http-nio-8080-exec-5] - Authorizationヘッダーを検出しました
2024/11/20 17:20:57 DEBUG [http-nio-8080-exec-5] - Tokenを検知しました
2024/11/20 17:20:58 DEBUG [http-nio-8080-exec-5] - 署名は改ざんされていません
2024/11/20 17:20:58 DEBUG [http-nio-8080-exec-5] - sasaryo0301@gmail.com
2024/11/20 17:23:18 DEBUG [http-nio-8080-exec-1] - doFilterInternalメソッド到達
2024/11/20 17:23:18 DEBUG [http-nio-8080-exec-1] - Token==nullでした
2024/11/20 17:23:18 DEBUG [http-nio-8080-exec-2] - doFilterInternalメソッド到達
2024/11/20 17:23:18 DEBUG [http-nio-8080-exec-2] - Token==nullでした
2024/11/20 17:23:18 DEBUG [http-nio-8080-exec-3] - doFilterInternalメソッド到達
2024/11/20 17:23:18 DEBUG [http-nio-8080-exec-3] - Token==nullでした
2024/11/20 17:23:18 DEBUG [http-nio-8080-exec-4] - doFilterInternalメソッド到達
2024/11/20 17:23:18 DEBUG [http-nio-8080-exec-4] - Token==nullでした
2024/11/20 17:23:20 DEBUG [http-nio-8080-exec-7] - doFilterInternalメソッド到達
2024/11/20 17:23:20 DEBUG [http-nio-8080-exec-7] - Token==nullでした
2024/11/20 17:23:21 DEBUG [http-nio-8080-exec-7] - loginコントローラー到達
2024/11/20 17:23:21 DEBUG [http-nio-8080-exec-7] - 一致するユーザーが見つかりました。
2024/11/20 17:23:21 DEBUG [http-nio-8080-exec-6] - doFilterInternalメソッド到達
2024/11/20 17:23:21 DEBUG [http-nio-8080-exec-6] - Authorizationヘッダーを検出しました
2024/11/20 17:23:21 DEBUG [http-nio-8080-exec-6] - Tokenを検知しました
2024/11/20 17:23:21 DEBUG [http-nio-8080-exec-6] - 署名は改ざんされていません
2024/11/20 17:23:21 DEBUG [http-nio-8080-exec-6] - sasaryo0301@gmail.com
2024/11/20 17:23:21 DEBUG [http-nio-8080-exec-6] - トークンからメールアドレスを取り出しました！。メールアドレス：sasaryo0301@gmail.com
2024/11/20 17:23:21 WARN  [http-nio-8080-exec-6] - JWTトークンの処理中にエラーが発生しました: Cannot pass null or empty values to constructor
2024/11/20 17:23:21 DEBUG [http-nio-8080-exec-6] - Token==nullでした
2024/11/20 17:23:21 DEBUG [http-nio-8080-exec-9] - doFilterInternalメソッド到達
2024/11/20 17:23:21 DEBUG [http-nio-8080-exec-9] - Authorizationヘッダーを検出しました
2024/11/20 17:23:21 DEBUG [http-nio-8080-exec-9] - Tokenを検知しました
2024/11/20 17:23:21 DEBUG [http-nio-8080-exec-9] - 署名は改ざんされていません
2024/11/20 17:23:21 DEBUG [http-nio-8080-exec-9] - sasaryo0301@gmail.com
2024/11/20 17:23:21 DEBUG [http-nio-8080-exec-9] - トークンからメールアドレスを取り出しました！。メールアドレス：sasaryo0301@gmail.com
2024/11/20 17:23:21 WARN  [http-nio-8080-exec-9] - JWTトークンの処理中にエラーが発生しました: Cannot pass null or empty values to constructor
2024/11/20 17:23:21 DEBUG [http-nio-8080-exec-9] - Token==nullでした
2024/11/20 17:27:52 DEBUG [http-nio-8080-exec-1] - doFilterInternalメソッド到達
2024/11/20 17:27:52 DEBUG [http-nio-8080-exec-1] - Token==nullでした
2024/11/20 17:27:52 DEBUG [http-nio-8080-exec-3] - doFilterInternalメソッド到達
2024/11/20 17:27:52 DEBUG [http-nio-8080-exec-3] - Token==nullでした
2024/11/20 17:27:52 DEBUG [http-nio-8080-exec-2] - doFilterInternalメソッド到達
2024/11/20 17:27:52 DEBUG [http-nio-8080-exec-2] - Token==nullでした
2024/11/20 17:27:52 DEBUG [http-nio-8080-exec-4] - doFilterInternalメソッド到達
2024/11/20 17:27:52 DEBUG [http-nio-8080-exec-4] - Token==nullでした
2024/11/20 17:27:54 DEBUG [http-nio-8080-exec-6] - doFilterInternalメソッド到達
2024/11/20 17:27:54 DEBUG [http-nio-8080-exec-6] - Token==nullでした
2024/11/20 17:27:54 DEBUG [http-nio-8080-exec-6] - loginコントローラー到達
2024/11/20 17:27:55 DEBUG [http-nio-8080-exec-6] - 一致するユーザーが見つかりました。
2024/11/20 17:27:55 DEBUG [http-nio-8080-exec-5] - doFilterInternalメソッド到達
2024/11/20 17:27:55 DEBUG [http-nio-8080-exec-5] - Authorizationヘッダーを検出しました
2024/11/20 17:27:55 DEBUG [http-nio-8080-exec-5] - Tokenを検知しました
2024/11/20 17:27:55 DEBUG [http-nio-8080-exec-5] - 署名は改ざんされていません
2024/11/20 17:27:55 DEBUG [http-nio-8080-exec-5] - sasaryo0301@gmail.com
2024/11/20 17:27:55 DEBUG [http-nio-8080-exec-5] - トークンからメールアドレスを取り出しました！。メールアドレス：sasaryo0301@gmail.com
2024/11/20 17:27:55 DEBUG [http-nio-8080-exec-5] - トークンからメールアドレスを取り出しました。メールアドレス：sasaryo0301@gmail.com
2024/11/20 17:27:55 DEBUG [http-nio-8080-exec-5] - JWTトークンによる認証が成功しました: sasaryo0301@gmail.com
2024/11/20 17:27:55 DEBUG [http-nio-8080-exec-5] - Token==nullでした
2024/11/20 17:29:35 DEBUG [http-nio-8080-exec-9] - doFilterInternalメソッド到達
2024/11/20 17:29:35 DEBUG [http-nio-8080-exec-9] - Token==nullでした
2024/11/20 17:29:35 DEBUG [http-nio-8080-exec-9] - loginコントローラー到達
2024/11/20 17:29:35 DEBUG [http-nio-8080-exec-9] - 一致するユーザーが見つかりました。
2024/11/20 17:29:35 DEBUG [http-nio-8080-exec-10] - doFilterInternalメソッド到達
2024/11/20 17:29:35 DEBUG [http-nio-8080-exec-10] - Authorizationヘッダーを検出しました
2024/11/20 17:29:35 DEBUG [http-nio-8080-exec-10] - Tokenを検知しました
2024/11/20 17:29:35 DEBUG [http-nio-8080-exec-10] - 署名は改ざんされていません
2024/11/20 17:29:35 DEBUG [http-nio-8080-exec-10] - sasaryo0301@gmail.com
2024/11/20 17:29:35 DEBUG [http-nio-8080-exec-10] - トークンからメールアドレスを取り出しました！。メールアドレス：sasaryo0301@gmail.com
2024/11/20 17:29:35 DEBUG [http-nio-8080-exec-10] - トークンからメールアドレスを取り出しました。メールアドレス：sasaryo0301@gmail.com
2024/11/20 17:29:35 DEBUG [http-nio-8080-exec-10] - JWTトークンによる認証が成功しました: sasaryo0301@gmail.com
2024/11/20 17:29:35 DEBUG [http-nio-8080-exec-10] - Token==nullでした
